iDo/app/build/intermediates/manifest_merge_blame_file/debug/manifest-merger-blame-debug-report.txt
1<?xml version="1.0" encoding="utf-8"?>
2<manifest xmlns:android="http://schemas.android.com/apk/res/android"
3    package="canteen.ctn.i_do"
4    android:versionCode="1"
5    android:versionName="1.0" >
6
7    <uses-sdk
8        android:minSdkVersion="23"
8-->src\main\AndroidManifest.xml
9        android:targetSdkVersion="30" />
9-->src\main\AndroidManifest.xml
10
11    <uses-permission android:name="android.permission.INTERNET" />
11-->src\main\AndroidManifest.xml:5:5-67
11-->src\main\AndroidManifest.xml:5:22-64
12    <uses-permission android:name="android.permission.ACCESS_NETWORK_STATE" />
12-->src\main\AndroidManifest.xml:6:5-78
12-->src\main\AndroidManifest.xml:6:22-76
13    <uses-permission android:name="android.permission.WAKE_LOCK" />
13-->[com.google.android.gms:play-services-measurement:17.5.0] AndroidManifest.xml:25:5-68
13-->[com.google.android.gms:play-services-measurement:17.5.0] AndroidManifest.xml:25:22-65
14    <uses-permission android:name="com.google.android.finsky.permission.BIND_GET_INSTALL_REFERRER_SERVICE" /> <!-- Android package visibility setting -->
14-->[com.google.android.gms:play-services-measurement:17.5.0] AndroidManifest.xml:26:5-110
14-->[com.google.android.gms:play-services-measurement:17.5.0] AndroidManifest.xml:26:22-107
15    <queries>
15-->[com.google.android.gms:play-services-ads-lite:19.7.0] AndroidManifest.xml:27:5-43:15
16
17        <!-- For browser content -->
18        <intent>
18-->[com.google.android.gms:play-services-ads-lite:19.7.0] AndroidManifest.xml:30:9-36:18
19            <action android:name="android.intent.action.VIEW" />
19-->[com.google.android.gms:play-services-ads-lite:19.7.0] AndroidManifest.xml:31:13-65
19-->[com.google.android.gms:play-services-ads-lite:19.7.0] AndroidManifest.xml:31:21-62
20
21            <category android:name="android.intent.category.BROWSABLE" />
21-->[com.google.android.gms:play-services-ads-lite:19.7.0] AndroidManifest.xml:33:13-74
21-->[com.google.android.gms:play-services-ads-lite:19.7.0] AndroidManifest.xml:33:23-71
22
23            <data android:scheme="https" />
23-->[com.google.android.gms:play-services-ads-lite:19.7.0] AndroidManifest.xml:35:13-44
23-->[com.google.android.gms:play-services-ads-lite:19.7.0] AndroidManifest.xml:35:19-41
24        </intent>
25        <!-- End of browser content -->
26        <!-- For CustomTabsService -->
27        <intent>
27-->[com.google.android.gms:play-services-ads-lite:19.7.0] AndroidManifest.xml:39:9-41:18
28            <action android:name="android.support.customtabs.action.CustomTabsService" />
28-->[com.google.android.gms:play-services-ads-lite:19.7.0] AndroidManifest.xml:40:13-90
28-->[com.google.android.gms:play-services-ads-lite:19.7.0] AndroidManifest.xml:40:21-87
29        </intent>
30        <!-- End of CustomTabsService -->
31    </queries>
32
33    <uses-permission android:name="android.permission.RECEIVE_BOOT_COMPLETED" />
33-->[androidx.work:work-runtime:2.1.0] AndroidManifest.xml:27:5-81
33-->[androidx.work:work-runtime:2.1.0] AndroidManifest.xml:27:22-78
34
35    <application
35-->src\main\AndroidManifest.xml:8:5-31:19
36        android:allowBackup="true"
36-->src\main\AndroidManifest.xml:9:9-35
37        android:appComponentFactory="androidx.core.app.CoreComponentFactory"
37-->[androidx.core:core:1.3.0] AndroidManifest.xml:24:18-86
38        android:debuggable="true"
39        android:extractNativeLibs="false"
40        android:icon="@mipmap/ic_launcher"
40-->src\main\AndroidManifest.xml:10:9-43
41        android:label="@string/app_name"
41-->src\main\AndroidManifest.xml:11:9-41
42        android:roundIcon="@mipmap/ic_launcher_ico"
42-->src\main\AndroidManifest.xml:12:9-52
43        android:supportsRtl="true"
43-->src\main\AndroidManifest.xml:13:9-35
44        android:testOnly="true"
45        android:theme="@style/Theme.IDo" >
45-->src\main\AndroidManifest.xml:14:9-41
46        <meta-data
46-->src\main\AndroidManifest.xml:16:9-18:69
47            android:name="com.google.android.gms.ads.APPLICATION_ID"
47-->src\main\AndroidManifest.xml:17:13-69
48            android:value="ca-app-pub-4118878715384783~7432880655" />
48-->src\main\AndroidManifest.xml:18:13-67
49
50        <activity android:name="canteen.ctn.i_do.SplashActivity" >
50-->src\main\AndroidManifest.xml:20:9-29:20
50-->src\main\AndroidManifest.xml:20:19-49
51            <intent-filter>
51-->src\main\AndroidManifest.xml:24:13-28:29
52                <action android:name="android.intent.action.MAIN" />
52-->src\main\AndroidManifest.xml:25:17-69
52-->src\main\AndroidManifest.xml:25:25-66
53
54                <category android:name="android.intent.category.LAUNCHER" />
54-->src\main\AndroidManifest.xml:27:17-77
54-->src\main\AndroidManifest.xml:27:27-74
55            </intent-filter>
56        </activity>
57        <activity android:name="canteen.ctn.i_do.MainActivity" />
57-->src\main\AndroidManifest.xml:30:9-59
57-->src\main\AndroidManifest.xml:30:19-47
58
59        <receiver
59-->[com.google.android.gms:play-services-measurement:17.5.0] AndroidManifest.xml:29:9-33:20
60            android:name="com.google.android.gms.measurement.AppMeasurementReceiver"
60-->[com.google.android.gms:play-services-measurement:17.5.0] AndroidManifest.xml:30:13-85
61            android:enabled="true"
61-->[com.google.android.gms:play-services-measurement:17.5.0] AndroidManifest.xml:31:13-35
62            android:exported="false" >
62-->[com.google.android.gms:play-services-measurement:17.5.0] AndroidManifest.xml:32:13-37
63        </receiver>
64
65        <service
65-->[com.google.android.gms:play-services-measurement:17.5.0] AndroidManifest.xml:35:9-38:40
66            android:name="com.google.android.gms.measurement.AppMeasurementService"
66-->[com.google.android.gms:play-services-measurement:17.5.0] AndroidManifest.xml:36:13-84
67            android:enabled="true"
67-->[com.google.android.gms:play-services-measurement:17.5.0] AndroidManifest.xml:37:13-35
68            android:exported="false" />
68-->[com.google.android.gms:play-services-measurement:17.5.0] AndroidManifest.xml:38:13-37
69        <service
69-->[com.google.android.gms:play-services-measurement:17.5.0] AndroidManifest.xml:39:9-43:72
70            android:name="com.google.android.gms.measurement.AppMeasurementJobService"
70-->[com.google.android.gms:play-services-measurement:17.5.0] AndroidManifest.xml:40:13-87
71            android:enabled="true"
71-->[com.google.android.gms:play-services-measurement:17.5.0] AndroidManifest.xml:41:13-35
72            android:exported="false"
72-->[com.google.android.gms:play-services-measurement:17.5.0] AndroidManifest.xml:42:13-37
73            android:permission="android.permission.BIND_JOB_SERVICE" />
73-->[com.google.android.gms:play-services-measurement:17.5.0] AndroidManifest.xml:43:13-69
74        <service
74-->[com.google.android.gms:play-services-measurement-api:17.5.0] AndroidManifest.xml:27:9-33:19
75            android:name="com.google.firebase.components.ComponentDiscoveryService"
75-->[com.google.android.gms:play-services-measurement-api:17.5.0] AndroidManifest.xml:28:13-84
76            android:directBootAware="true"
76-->[com.google.firebase:firebase-common:19.3.0] AndroidManifest.xml:34:13-43
77            android:exported="false" >
77-->[com.google.android.gms:play-services-measurement-api:17.5.0] AndroidManifest.xml:29:13-37
78            <meta-data
78-->[com.google.android.gms:play-services-measurement-api:17.5.0] AndroidManifest.xml:30:13-32:85
79                android:name="com.google.firebase.components:com.google.firebase.analytics.connector.internal.AnalyticsConnectorRegistrar"
79-->[com.google.android.gms:play-services-measurement-api:17.5.0] AndroidManifest.xml:31:17-139
80                android:value="com.google.firebase.components.ComponentRegistrar" />
80-->[com.google.android.gms:play-services-measurement-api:17.5.0] AndroidManifest.xml:32:17-82
81            <meta-data
81-->[com.google.firebase:firebase-installations:16.3.2] AndroidManifest.xml:17:13-19:85
82                android:name="com.google.firebase.components:com.google.firebase.installations.FirebaseInstallationsRegistrar"
82-->[com.google.firebase:firebase-installations:16.3.2] AndroidManifest.xml:18:17-127
83                android:value="com.google.firebase.components.ComponentRegistrar" />
83-->[com.google.firebase:firebase-installations:16.3.2] AndroidManifest.xml:19:17-82
84        </service> <!-- Include the AdActivity and InAppPurchaseActivity configChanges and themes. -->
85        <activity
85-->[com.google.android.gms:play-services-ads-lite:19.7.0] AndroidManifest.xml:48:9-52:64
86            android:name="com.google.android.gms.ads.AdActivity"
86-->[com.google.android.gms:play-services-ads-lite:19.7.0] AndroidManifest.xml:49:13-65
87            android:configChanges="keyboard|keyboardHidden|orientation|screenLayout|uiMode|screenSize|smallestScreenSize"
87-->[com.google.android.gms:play-services-ads-lite:19.7.0] AndroidManifest.xml:50:13-122
88            android:exported="false"
88-->[com.google.android.gms:play-services-ads-lite:19.7.0] AndroidManifest.xml:51:13-37
89            android:theme="@android:style/Theme.Translucent" />
89-->[com.google.android.gms:play-services-ads-lite:19.7.0] AndroidManifest.xml:52:13-61
90
91        <provider
91-->[com.google.android.gms:play-services-ads-lite:19.7.0] AndroidManifest.xml:54:9-58:39
92            android:name="com.google.android.gms.ads.MobileAdsInitProvider"
92-->[com.google.android.gms:play-services-ads-lite:19.7.0] AndroidManifest.xml:55:13-76
93            android:authorities="canteen.ctn.i_do.mobileadsinitprovider"
93-->[com.google.android.gms:play-services-ads-lite:19.7.0] AndroidManifest.xml:56:13-73
94            android:exported="false"
94-->[com.google.android.gms:play-services-ads-lite:19.7.0] AndroidManifest.xml:57:13-37
95            android:initOrder="100" />
95-->[com.google.android.gms:play-services-ads-lite:19.7.0] AndroidManifest.xml:58:13-36
96
97        <service
97-->[com.google.android.gms:play-services-ads-lite:19.7.0] AndroidManifest.xml:60:9-63:40
98            android:name="com.google.android.gms.ads.AdService"
98-->[com.google.android.gms:play-services-ads-lite:19.7.0] AndroidManifest.xml:61:13-64
99            android:enabled="true"
99-->[com.google.android.gms:play-services-ads-lite:19.7.0] AndroidManifest.xml:62:13-35
100            android:exported="false" />
100-->[com.google.android.gms:play-services-ads-lite:19.7.0] AndroidManifest.xml:63:13-37
101
102        <provider
102-->[com.google.firebase:firebase-common:19.3.0] AndroidManifest.xml:26:9-30:39
103            android:name="com.google.firebase.provider.FirebaseInitProvider"
103-->[com.google.firebase:firebase-common:19.3.0] AndroidManifest.xml:27:13-77
104            android:authorities="canteen.ctn.i_do.firebaseinitprovider"
104-->[com.google.firebase:firebase-common:19.3.0] AndroidManifest.xml:28:13-72
105            android:exported="false"
105-->[com.google.firebase:firebase-common:19.3.0] AndroidManifest.xml:29:13-37
106            android:initOrder="100" />
106-->[com.google.firebase:firebase-common:19.3.0] AndroidManifest.xml:30:13-36
107
108        <meta-data
108-->[com.google.android.gms:play-services-basement:17.3.0] AndroidManifest.xml:23:9-25:69
109            android:name="com.google.android.gms.version"
109-->[com.google.android.gms:play-services-basement:17.3.0] AndroidManifest.xml:24:13-58
110            android:value="@integer/google_play_services_version" />
110-->[com.google.android.gms:play-services-basement:17.3.0] AndroidManifest.xml:25:13-66
111
112        <provider
112-->[androidx.work:work-runtime:2.1.0] AndroidManifest.xml:30:9-36:35
113            android:name="androidx.work.impl.WorkManagerInitializer"
113-->[androidx.work:work-runtime:2.1.0] AndroidManifest.xml:31:13-69
114            android:authorities="canteen.ctn.i_do.workmanager-init"
114-->[androidx.work:work-runtime:2.1.0] AndroidManifest.xml:32:13-68
115            android:directBootAware="false"
115-->[androidx.work:work-runtime:2.1.0] AndroidManifest.xml:33:13-44
116            android:exported="false"
116-->[androidx.work:work-runtime:2.1.0] AndroidManifest.xml:34:13-37
117            android:multiprocess="true" />
117-->[androidx.work:work-runtime:2.1.0] AndroidManifest.xml:35:13-40
118
119        <service
119-->[androidx.work:work-runtime:2.1.0] AndroidManifest.xml:38:9-43:35
120            android:name="androidx.work.impl.background.systemalarm.SystemAlarmService"
120-->[androidx.work:work-runtime:2.1.0] AndroidManifest.xml:39:13-88
121            android:directBootAware="false"
121-->[androidx.work:work-runtime:2.1.0] AndroidManifest.xml:40:13-44
122            android:enabled="@bool/enable_system_alarm_service_default"
122-->[androidx.work:work-runtime:2.1.0] AndroidManifest.xml:41:13-72
123            android:exported="false" />
123-->[androidx.work:work-runtime:2.1.0] AndroidManifest.xml:42:13-37
124        <service
124-->[androidx.work:work-runtime:2.1.0] AndroidManifest.xml:44:9-50:35
125            android:name="androidx.work.impl.background.systemjob.SystemJobService"
125-->[androidx.work:work-runtime:2.1.0] AndroidManifest.xml:45:13-84
126            android:directBootAware="false"
126-->[androidx.work:work-runtime:2.1.0] AndroidManifest.xml:46:13-44
127            android:enabled="@bool/enable_system_job_service_default"
127-->[androidx.work:work-runtime:2.1.0] AndroidManifest.xml:47:13-70
128            android:exported="true"
128-->[androidx.work:work-runtime:2.1.0] AndroidManifest.xml:48:13-36
129            android:permission="android.permission.BIND_JOB_SERVICE" />
129-->[androidx.work:work-runtime:2.1.0] AndroidManifest.xml:49:13-69
130
131        <receiver
131-->[androidx.work:work-runtime:2.1.0] AndroidManifest.xml:52:9-57:35
132            android:name="androidx.work.impl.utils.ForceStopRunnable$BroadcastReceiver"
132-->[androidx.work:work-runtime:2.1.0] AndroidManifest.xml:53:13-88
133            android:directBootAware="false"
133-->[androidx.work:work-runtime:2.1.0] AndroidManifest.xml:54:13-44
134            android:enabled="true"
134-->[androidx.work:work-runtime:2.1.0] AndroidManifest.xml:55:13-35
135            android:exported="false" />
135-->[androidx.work:work-runtime:2.1.0] AndroidManifest.xml:56:13-37
136        <receiver
136-->[androidx.work:work-runtime:2.1.0] AndroidManifest.xml:58:9-68:20
137            android:name="androidx.work.impl.background.systemalarm.ConstraintProxy$BatteryChargingProxy"
137-->[androidx.work:work-runtime:2.1.0] AndroidManifest.xml:59:13-106
138            android:directBootAware="false"
138-->[androidx.work:work-runtime:2.1.0] AndroidManifest.xml:60:13-44
139            android:enabled="false"
139-->[androidx.work:work-runtime:2.1.0] AndroidManifest.xml:61:13-36
140            android:exported="false" >
140-->[androidx.work:work-runtime:2.1.0] AndroidManifest.xml:62:13-37
141            <intent-filter>
141-->[androidx.work:work-runtime:2.1.0] AndroidManifest.xml:64:13-67:29
142                <action android:name="android.intent.action.ACTION_POWER_CONNECTED" />
142-->[androidx.work:work-runtime:2.1.0] AndroidManifest.xml:65:17-87
142-->[androidx.work:work-runtime:2.1.0] AndroidManifest.xml:65:25-84
143                <action android:name="android.intent.action.ACTION_POWER_DISCONNECTED" />
143-->[androidx.work:work-runtime:2.1.0] AndroidManifest.xml:66:17-90
143-->[androidx.work:work-runtime:2.1.0] AndroidManifest.xml:66:25-87
144            </intent-filter>
145        </receiver>
146        <receiver
146-->[androidx.work:work-runtime:2.1.0] AndroidManifest.xml:69:9-79:20
147            android:name="androidx.work.impl.background.systemalarm.ConstraintProxy$BatteryNotLowProxy"
147-->[androidx.work:work-runtime:2.1.0] AndroidManifest.xml:70:13-104
148            android:directBootAware="false"
148-->[androidx.work:work-runtime:2.1.0] AndroidManifest.xml:71:13-44
149            android:enabled="false"
149-->[androidx.work:work-runtime:2.1.0] AndroidManifest.xml:72:13-36
150            android:exported="false" >
150-->[androidx.work:work-runtime:2.1.0] AndroidManifest.xml:73:13-37
151            <intent-filter>
151-->[androidx.work:work-runtime:2.1.0] AndroidManifest.xml:75:13-78:29
152                <action android:name="android.intent.action.BATTERY_OKAY" />
152-->[androidx.work:work-runtime:2.1.0] AndroidManifest.xml:76:17-77
152-->[androidx.work:work-runtime:2.1.0] AndroidManifest.xml:76:25-74
153                <action android:name="android.intent.action.BATTERY_LOW" />
153-->[androidx.work:work-runtime:2.1.0] AndroidManifest.xml:77:17-76
153-->[androidx.work:work-runtime:2.1.0] AndroidManifest.xml:77:25-73
154            </intent-filter>
155        </receiver>
156        <receiver
156-->[androidx.work:work-runtime:2.1.0] AndroidManifest.xml:80:9-90:20
157            android:name="androidx.work.impl.background.systemalarm.ConstraintProxy$StorageNotLowProxy"
157-->[androidx.work:work-runtime:2.1.0] AndroidManifest.xml:81:13-104
158            android:directBootAware="false"
158-->[androidx.work:work-runtime:2.1.0] AndroidManifest.xml:82:13-44
159            android:enabled="false"
159-->[androidx.work:work-runtime:2.1.0] AndroidManifest.xml:83:13-36
160            android:exported="false" >
160-->[androidx.work:work-runtime:2.1.0] AndroidManifest.xml:84:13-37
161            <intent-filter>
161-->[androidx.work:work-runtime:2.1.0] AndroidManifest.xml:86:13-89:29
162                <action android:name="android.intent.action.DEVICE_STORAGE_LOW" />
162-->[androidx.work:work-runtime:2.1.0] AndroidManifest.xml:87:17-83
162-->[androidx.work:work-runtime:2.1.0] AndroidManifest.xml:87:25-80
163                <action android:name="android.intent.action.DEVICE_STORAGE_OK" />
163-->[androidx.work:work-runtime:2.1.0] AndroidManifest.xml:88:17-82
163-->[androidx.work:work-runtime:2.1.0] AndroidManifest.xml:88:25-79
164            </intent-filter>
165        </receiver>
166        <receiver
166-->[androidx.work:work-runtime:2.1.0] AndroidManifest.xml:91:9-100:20
167            android:name="androidx.work.impl.background.systemalarm.ConstraintProxy$NetworkStateProxy"
167-->[androidx.work:work-runtime:2.1.0] AndroidManifest.xml:92:13-103
168            android:directBootAware="false"
168-->[androidx.work:work-runtime:2.1.0] AndroidManifest.xml:93:13-44
169            android:enabled="false"
169-->[androidx.work:work-runtime:2.1.0] AndroidManifest.xml:94:13-36
170            android:exported="false" >
170-->[androidx.work:work-runtime:2.1.0] AndroidManifest.xml:95:13-37
171            <intent-filter>
171-->[androidx.work:work-runtime:2.1.0] AndroidManifest.xml:97:13-99:29
172                <action android:name="android.net.conn.CONNECTIVITY_CHANGE" />
172-->[androidx.work:work-runtime:2.1.0] AndroidManifest.xml:98:17-79
172-->[androidx.work:work-runtime:2.1.0] AndroidManifest.xml:98:25-76
173            </intent-filter>
174        </receiver>
175        <receiver
175-->[androidx.work:work-runtime:2.1.0] AndroidManifest.xml:101:9-112:20
176            android:name="androidx.work.impl.background.systemalarm.RescheduleReceiver"
176-->[androidx.work:work-runtime:2.1.0] AndroidManifest.xml:102:13-88
177            android:directBootAware="false"
177-->[androidx.work:work-runtime:2.1.0] AndroidManifest.xml:103:13-44
178            android:enabled="false"
178-->[androidx.work:work-runtime:2.1.0] AndroidManifest.xml:104:13-36
179            android:exported="false" >
179-->[androidx.work:work-runtime:2.1.0] AndroidManifest.xml:105:13-37
180            <intent-filter>
180-->[androidx.work:work-runtime:2.1.0] AndroidManifest.xml:107:13-111:29
181                <action android:name="android.intent.action.BOOT_COMPLETED" />
181-->[androidx.work:work-runtime:2.1.0] AndroidManifest.xml:108:17-79
181-->[androidx.work:work-runtime:2.1.0] AndroidManifest.xml:108:25-76
182                <action android:name="android.intent.action.TIME_SET" />
182-->[androidx.work:work-runtime:2.1.0] AndroidManifest.xml:109:17-73
182-->[androidx.work:work-runtime:2.1.0] AndroidManifest.xml:109:25-70
183                <action android:name="android.intent.action.TIMEZONE_CHANGED" />
183-->[androidx.work:work-runtime:2.1.0] AndroidManifest.xml:110:17-81
183-->[androidx.work:work-runtime:2.1.0] AndroidManifest.xml:110:25-78
184            </intent-filter>
185        </receiver>
186        <receiver
186-->[androidx.work:work-runtime:2.1.0] AndroidManifest.xml:113:9-122:20
187            android:name="androidx.work.impl.background.systemalarm.ConstraintProxyUpdateReceiver"
187-->[androidx.work:work-runtime:2.1.0] AndroidManifest.xml:114:13-99
188            android:directBootAware="false"
188-->[androidx.work:work-runtime:2.1.0] AndroidManifest.xml:115:13-44
189            android:enabled="@bool/enable_system_alarm_service_default"
189-->[androidx.work:work-runtime:2.1.0] AndroidManifest.xml:116:13-72
190            android:exported="false" >
190-->[androidx.work:work-runtime:2.1.0] AndroidManifest.xml:117:13-37
191            <intent-filter>
191-->[androidx.work:work-runtime:2.1.0] AndroidManifest.xml:119:13-121:29
192                <action android:name="androidx.work.impl.background.systemalarm.UpdateProxies" />
192-->[androidx.work:work-runtime:2.1.0] AndroidManifest.xml:120:17-98
192-->[androidx.work:work-runtime:2.1.0] AndroidManifest.xml:120:25-95
193            </intent-filter>
194        </receiver>
195
196        <service
196-->[androidx.room:room-runtime:2.1.0] AndroidManifest.xml:25:9-27:40
197            android:name="androidx.room.MultiInstanceInvalidationService"
197-->[androidx.room:room-runtime:2.1.0] AndroidManifest.xml:26:13-74
198            android:exported="false" />
198-->[androidx.room:room-runtime:2.1.0] AndroidManifest.xml:27:13-37
199    </application>
200
201</manifest>